TN:
SF:source-commonjs/index.cjs
FN:3,get
FN:3,_interopRequireDefault
FNF:2
FNH:2
FNDA:1,get
FNDA:1,_interopRequireDefault
DA:1,1
DA:2,1
DA:3,1
LF:3
LH:3
BRDA:3,0,0,1
BRDA:3,1,0,1
BRDA:3,2,0,1
BRDA:3,3,0,0
BRF:4
BRH:3
end_of_record
TN:
SF:source-esmodule/index.js
FNF:0
FNH:0
DA:1,1
DA:2,1
DA:3,1
LF:3
LH:3
BRDA:3,0,0,4
BRF:1
BRH:1
end_of_record
TN:
SF:source-esmodule/install.js
FN:7,retrieveSourceMap
FNF:1
FNH:1
FNDA:15,retrieveSourceMap
DA:1,1
DA:2,1
DA:3,1
DA:4,1
DA:5,1
DA:6,1
DA:7,1
DA:8,15
DA:9,15
DA:10,13
DA:11,13
DA:12,13
DA:13,13
DA:14,15
DA:15,15
DA:16,1
LF:16
LH:16
BRDA:16,0,0,4
BRDA:7,1,0,15
BRDA:9,2,0,2
BRDA:9,3,0,13
BRF:4
BRH:4
end_of_record
